<?xml version="1.0" encoding="UTF-8"?>
<!-- Generated by org.testng.reporters.JUnitXMLReporter -->
<testsuite ignored="0" hostname="LAPTOP-D50OG6CL" failures="0" tests="4" name="Default test" time="0.059" errors="0" timestamp="2022-10-07T16:40:34 IST">
  <testcase classname="com.mits.testng.TestNG2" name="a_method" time="0.008"/>
  <testcase classname="com.mits.testng.TestNG2" name="c_method" time="0.002"/>
  <testcase classname="com.mits.testng.TestNG2" name="d_method" time="0.001"/>
  <testcase classname="com.mits.testng.TestNG2" name="b_method" time="0.001"/>
</testsuite> <!-- Default test -->
