<?xml version="1.0" encoding="UTF-8"?>
<testng-results ignored="0" total="4" passed="4" failed="0" skipped="0">
  <reporter-output>
  </reporter-output>
  <suite started-at="2022-10-07T16:40:34 IST" name="Default suite" finished-at="2022-10-07T16:40:34 IST" duration-ms="59">
    <groups>
    </groups>
    <test started-at="2022-10-07T16:40:34 IST" name="Default test" finished-at="2022-10-07T16:40:34 IST" duration-ms="59">
      <class name="com.mits.testng.TestNG2">
        <test-method signature="a_method()[pri:-41, instance:com.mits.testng.TestNG2@5939a379]" started-at="2022-10-07T16:40:34 IST" name="a_method" finished-at="2022-10-07T16:40:34 IST" duration-ms="8" status="PASS">
          <reporter-output>
          </reporter-output>
        </test-method> <!-- a_method -->
        <test-method signature="c_method()[pri:0, instance:com.mits.testng.TestNG2@5939a379]" started-at="2022-10-07T16:40:34 IST" name="c_method" finished-at="2022-10-07T16:40:34 IST" duration-ms="2" status="PASS">
          <reporter-output>
          </reporter-output>
        </test-method> <!-- c_method -->
        <test-method signature="d_method()[pri:0, instance:com.mits.testng.TestNG2@5939a379]" started-at="2022-10-07T16:40:34 IST" name="d_method" finished-at="2022-10-07T16:40:34 IST" duration-ms="1" status="PASS">
          <reporter-output>
          </reporter-output>
        </test-method> <!-- d_method -->
        <test-method signature="b_method()[pri:1, instance:com.mits.testng.TestNG2@5939a379]" started-at="2022-10-07T16:40:34 IST" name="b_method" finished-at="2022-10-07T16:40:34 IST" duration-ms="1" status="PASS">
          <reporter-output>
          </reporter-output>
        </test-method> <!-- b_method -->
      </class> <!-- com.mits.testng.TestNG2 -->
    </test> <!-- Default test -->
  </suite> <!-- Default suite -->
</testng-results>
